[2025-10-18T12:49:37+02:00] RAW: {"action":"update","id":"9","x":991,"y":159}
CT: application/json
POST: []

[2025-10-18T12:50:37+02:00] RAW: {"action":"update","id":"4","x":943,"y":327}
CT: application/json
POST: []

[2025-10-18T12:51:32+02:00] RAW: {"action":"update","id":"18","x":1018,"y":92}
CT: application/json
POST: []

[2025-10-18T12:51:44+02:00] RAW: {"action":"update","id":"4","x":600,"y":124}
CT: application/json
POST: []

[2025-10-18T12:52:09+02:00] RAW: {"action":"update","id":"4","x":600,"y":124}
CT: application/json
POST: []

[2025-10-18T12:52:11+02:00] RAW: 
CT: multipart/form-data; boundary=---------------------------287657173610497539902433841618
POST: {"action":"delete","id":"4","nummer":"2"}

[2025-10-18T13:09:18+02:00] RAW: 
CT: multipart/form-data; boundary=---------------------------171505239826356438191681081761
POST: {"action":"delete","nummer":"..."}

[2025-10-18T13:09:19+02:00] RAW: {"action":"update","id":"9","x":271,"y":97}
CT: application/json
POST: []

[2025-10-18T13:09:19+02:00] RAW: 
CT: multipart/form-data; boundary=---------------------------35576427522891142014777405594
POST: {"action":"delete","id":"9","nummer":"3"}

[2025-10-18T13:09:20+02:00] RAW: {"action":"update","id":"11","x":335,"y":292}
CT: application/json
POST: []

[2025-10-18T13:09:21+02:00] RAW: 
CT: multipart/form-data; boundary=---------------------------182638316335070226462274233127
POST: {"action":"delete","id":"11","nummer":"5"}

[2025-10-18T13:09:21+02:00] RAW: {"action":"update","id":"10","x":356,"y":365}
CT: application/json
POST: []

[2025-10-18T13:09:22+02:00] RAW: 
CT: multipart/form-data; boundary=---------------------------3746871761729439947840906393
POST: {"action":"delete","id":"10","nummer":"4"}

[2025-10-18T13:09:23+02:00] RAW: {"action":"update","id":"12","x":131,"y":258}
CT: application/json
POST: []

[2025-10-18T13:09:24+02:00] RAW: 
CT: multipart/form-data; boundary=---------------------------88867302531873022154233482774
POST: {"action":"delete","id":"12","nummer":"6"}

[2025-10-18T13:09:24+02:00] RAW: {"action":"update","id":"18","x":1018,"y":92}
CT: application/json
POST: []

[2025-10-18T13:09:25+02:00] RAW: 
CT: multipart/form-data; boundary=---------------------------17773657199917582353748116019
POST: {"action":"delete","id":"18","nummer":"7"}

[2025-10-18T13:11:48+02:00] RAW: {"action":"update","id":"24","x":402,"y":82}
CT: application/json
POST: []

[2025-10-18T13:11:51+02:00] RAW: {"action":"update","id":"24","x":536,"y":250}
CT: application/json
POST: []

[2025-10-18T13:20:44+02:00] RAW: {"action":"update","id":"29","x":337,"y":201}
CT: application/json
POST: []

[2025-10-18T13:20:51+02:00] RAW: {"action":"update","id":"30","x":89,"y":461}
CT: application/json
POST: []

[2025-10-18T13:20:54+02:00] RAW: {"action":"update","id":"31","x":640,"y":220}
CT: application/json
POST: []

[2025-10-18T13:21:20+02:00] RAW: {"action":"update","id":"29","x":337,"y":201}
CT: application/json
POST: []

[2025-10-18T13:21:22+02:00] RAW: {"action":"update","id":"24","x":536,"y":250}
CT: application/json
POST: []

[2025-10-18T13:21:24+02:00] RAW: {"action":"update","id":"24","x":536,"y":250}
CT: application/json
POST: []

[2025-10-18T13:21:25+02:00] RAW: 
CT: multipart/form-data; boundary=---------------------------5903715935564456811896464888
POST: {"action":"delete","id":"24","nummer":"0"}

[2025-10-18T13:21:27+02:00] RAW: {"action":"update","id":"29","x":337,"y":201}
CT: application/json
POST: []

[2025-10-18T13:21:30+02:00] RAW: {"action":"update","id":"32","x":528,"y":343}
CT: application/json
POST: []

[2025-10-18T13:21:35+02:00] RAW: {"action":"update","id":"29","x":338,"y":204}
CT: application/json
POST: []

[2025-10-18T13:30:49+02:00] RAW: {"action":"update","id":"29","x":961,"y":272}
CT: application/json
POST: []

[2025-10-18T13:31:43+02:00] RAW: {"action":"update","id":"31","x":640,"y":220}
CT: application/json
POST: []

[2025-10-18T13:31:44+02:00] RAW: {"action":"update","id":"29","x":961,"y":273}
CT: application/json
POST: []

[2025-10-18T13:31:56+02:00] RAW: {"action":"update","id":"29","x":961,"y":273}
CT: application/json
POST: []

[2025-10-18T13:34:55+02:00] RAW: {"action":"update","id":"29","x":963,"y":275}
CT: application/json
POST: []

[2025-10-18T13:40:00+02:00] RAW: {"action":"update","id":"29","x":963,"y":275}
CT: application/json
POST: []

[2025-10-18T13:40:42+02:00] RAW: {"action":"update","id":"29","x":963,"y":275}
CT: application/json
POST: []

[2025-10-18T13:41:34+02:00] RAW: {"action":"update","id":"29","x":963,"y":275}
CT: application/json
POST: []

[2025-10-18T13:45:07+02:00] RAW: {"action":"update","id":"29","x":963,"y":275}
CT: application/json
POST: []

[2025-10-18T13:45:22+02:00] RAW: {"action":"update","id":"29","x":963,"y":275}
CT: application/json
POST: []

[2025-10-18T13:45:35+02:00] RAW: {"action":"update","id":"29","x":963,"y":275}
CT: application/json
POST: []

[2025-10-18T13:47:25+02:00] RAW: {"action":"update","id":"29","x":963,"y":275}
CT: application/json
POST: []

[2025-10-18T13:47:44+02:00] RAW: {"action":"update","id":"29","x":963,"y":275}
CT: application/json
POST: []

[2025-10-18T13:56:31+02:00] RAW: {"action":"update","id":"29","x":964,"y":275}
CT: application/json
POST: []

[2025-10-18T13:59:52+02:00] RAW: {"action":"update","id":"29","x":964,"y":275}
CT: application/json
POST: []

[2025-10-18T14:00:10+02:00] RAW: {"action":"update","id":"29","x":965,"y":276}
CT: application/json
POST: []

[2025-10-18T14:00:42+02:00] RAW: {"action":"update","id":"29","x":965,"y":276}
CT: application/json
POST: []

[2025-10-18T14:09:35+02:00] RAW: {"action":"update","id":"29","x":965,"y":276}
CT: application/json
POST: []

[2025-10-18T14:09:51+02:00] RAW: {"action":"update","id":"29","x":965,"y":276}
CT: application/json
POST: []

[2025-10-18T14:13:38+02:00] RAW: {"action":"update","id":"29","x":965,"y":276}
CT: application/json
POST: []

[2025-10-18T14:27:20+02:00] RAW: {"action":"update","id":"29","x":965,"y":276}
CT: application/json
POST: []

[2025-10-18T14:27:35+02:00] RAW: {"action":"update","id":"29","x":965,"y":276}
CT: application/json
POST: []

[2025-10-18T14:28:40+02:00] RAW: {"action":"update","id":"29","x":965,"y":276}
CT: application/json
POST: []

[2025-10-18T14:31:19+02:00] RAW: {"action":"update","id":"29","x":965,"y":276}
CT: application/json
POST: []

[2025-10-18T14:31:35+02:00] RAW: {"action":"update","id":"29","x":965,"y":276}
CT: application/json
POST: []

[2025-10-18T14:31:46+02:00] RAW: {"action":"update","id":"29","x":965,"y":277}
CT: application/json
POST: []

[2025-10-18T14:31:46+02:00] RAW: {"action":"update","id":"29","x":965,"y":277}
CT: application/json
POST: []

[2025-10-18T14:39:06+02:00] RAW: {"action":"update","id":"32","x":483,"y":220}
CT: application/json
POST: []

[2025-10-18T14:39:09+02:00] RAW: {"action":"update","id":"29","x":815,"y":220}
CT: application/json
POST: []

[2025-10-18T14:42:20+02:00] RAW: {"action":"update","id":"32","x":490,"y":262}
CT: application/json
POST: []

[2025-10-18T14:42:24+02:00] RAW: {"action":"update","id":"29","x":1097,"y":153}
CT: application/json
POST: []

[2025-10-18T14:42:25+02:00] RAW: {"action":"update","id":"31","x":1090,"y":73}
CT: application/json
POST: []

[2025-10-18T14:42:26+02:00] RAW: {"action":"update","id":"29","x":1083,"y":169}
CT: application/json
POST: []

[2025-10-18T14:50:46+02:00] RAW: {"action":"update","id":"32","x":520,"y":332}
CT: application/json
POST: []

[2025-10-18T14:50:47+02:00] RAW: {"action":"update","id":"30","x":198,"y":336}
CT: application/json
POST: []

[2025-10-18T14:50:49+02:00] RAW: {"action":"update","id":"29","x":204,"y":598}
CT: application/json
POST: []

[2025-10-18T14:50:51+02:00] RAW: {"action":"update","id":"31","x":530,"y":588}
CT: application/json
POST: []

[2025-10-18T14:53:59+02:00] RAW: {"action":"update","id":"29","x":113,"y":532}
CT: application/json
POST: []

[2025-10-18T14:54:00+02:00] RAW: {"action":"update","id":"30","x":316,"y":528}
CT: application/json
POST: []

[2025-10-18T14:54:02+02:00] RAW: {"action":"update","id":"31","x":506,"y":532}
CT: application/json
POST: []

[2025-10-18T14:54:03+02:00] RAW: {"action":"update","id":"32","x":511,"y":363}
CT: application/json
POST: []

[2025-10-18T14:54:06+02:00] RAW: {"action":"update","id":"34","x":120,"y":366}
CT: application/json
POST: []

[2025-10-18T14:54:08+02:00] RAW: {"action":"update","id":"33","x":317,"y":364}
CT: application/json
POST: []

[2025-10-18T14:54:11+02:00] RAW: {"action":"update","id":"36","x":116,"y":199}
CT: application/json
POST: []

[2025-10-18T14:54:13+02:00] RAW: {"action":"update","id":"35","x":316,"y":200}
CT: application/json
POST: []

[2025-10-18T14:54:17+02:00] RAW: {"action":"update","id":"30","x":309,"y":530}
CT: application/json
POST: []

